${property.layout.pattern}${property.layout.pattern}${property.layout.pattern}${property.layout.pattern}${property.layout.pattern}[17:25:47.269] [main] INFO  org.example.Main - Application shutting down...
[19:05:05.886] [main] INFO  org.example.Main - Application shutting down...
[19:05:23.114] [main] INFO  org.example.Main - Application shutting down...
[19:08:32.128] [main] INFO  org.example.Main - Application shutting down...
[19:09:14.253] [main] ERROR org.example.Main - An error occurred: Cannot deserialize value of type `org.example.Teacher` from Array value (token `JsonToken.START_ARRAY`)
 at [Source: (File); line: 1, column: 1]
com.fasterxml.jackson.databind.exc.MismatchedInputException: Cannot deserialize value of type `org.example.Teacher` from Array value (token `JsonToken.START_ARRAY`)
 at [Source: (File); line: 1, column: 1]
	at com.fasterxml.jackson.databind.exc.MismatchedInputException.from(MismatchedInputException.java:59) ~[jackson-databind-2.12.5.jar:2.12.5]
	at com.fasterxml.jackson.databind.DeserializationContext.reportInputMismatch(DeserializationContext.java:1601) ~[jackson-databind-2.12.5.jar:2.12.5]
	at com.fasterxml.jackson.databind.DeserializationContext.handleUnexpectedToken(DeserializationContext.java:1375) ~[jackson-databind-2.12.5.jar:2.12.5]
	at com.fasterxml.jackson.databind.DeserializationContext.handleUnexpectedToken(DeserializationContext.java:1322) ~[jackson-databind-2.12.5.jar:2.12.5]
	at com.fasterxml.jackson.databind.deser.BeanDeserializer._deserializeFromArray(BeanDeserializer.java:640) ~[jackson-databind-2.12.5.jar:2.12.5]
	at com.fasterxml.jackson.databind.deser.BeanDeserializer._deserializeOther(BeanDeserializer.java:221) ~[jackson-databind-2.12.5.jar:2.12.5]
	at com.fasterxml.jackson.databind.deser.BeanDeserializer.deserialize(BeanDeserializer.java:197) ~[jackson-databind-2.12.5.jar:2.12.5]
	at com.fasterxml.jackson.databind.deser.DefaultDeserializationContext.readRootValue(DefaultDeserializationContext.java:322) ~[jackson-databind-2.12.5.jar:2.12.5]
	at com.fasterxml.jackson.databind.ObjectMapper._readMapAndClose(ObjectMapper.java:4593) ~[jackson-databind-2.12.5.jar:2.12.5]
	at com.fasterxml.jackson.databind.ObjectMapper.readValue(ObjectMapper.java:3413) ~[jackson-databind-2.12.5.jar:2.12.5]
	at org.example.Main.readFromJson(Main.java:62) ~[main/:?]
	at org.example.Main.run(Main.java:115) ~[main/:?]
	at org.example.Main.main(Main.java:47) [main/:?]
[19:09:14.281] [main] INFO  org.example.Main - Application shutting down...
[21:30:10.429] [main] INFO  org.example.Main - Application shutting down...
